2020-01-08 04:26:50.993641 LOGNAME:WARNING MASSAGE:Protocol problem
2020-01-08 04:26:50.995640 LOGNAME:DEBUG MASSAGE:hello
2020-01-08 04:28:22.878358 LOGNAME:WARNING MASSAGE:Protocol problem
2020-01-08 04:28:22.879359 LOGNAME:DEBUG MASSAGE:hello
2020-01-08 04:28:22.880358 LOGNAME:INFO MASSAGE:123
2020-01-08 04:28:50.518465 LOGNAME:INFO MASSAGE:123
2020-01-08 04:29:45,610 - root - DEBUG - 123
2020-01-08 04:29:45,610 - root - DEBUG - 123
2020-01-08 04:29:46,999 - root - DEBUG - 123
2020-01-08 04:29:49,000 - root - DEBUG - 123
2020-01-08 04:29:51,000 - root - DEBUG - 123
2020-01-08 04:29:53,001 - root - DEBUG - 123
2020-01-08 04:30:11,880 - root - INFO - 123
2020-01-08 04:30:11,882 - root - INFO - 123
2020-01-08 04:30:13,212 - root - INFO - 123
2020-01-08 04:30:15,213 - root - INFO - 123
2020-01-08 04:30:17,213 - root - INFO - 123
2020-01-08 04:30:19,213 - root - INFO - 123
2020-01-08 04:31:28.252243 LOGNAME:INFO MASSAGE:123
2020-01-08 04:31:28.254249 LOGNAME:INFO MASSAGE:123
2020-01-08 04:31:30.256253 LOGNAME:INFO MASSAGE:123
2020-01-08 04:33:06,684 - LOGLEVEL: INFO  MESSAGE: 123
2020-01-08 04:33:06,685 - LOGLEVEL: INFO  MESSAGE: 123
2020-01-08 04:33:08,173 - LOGLEVEL: INFO  MESSAGE: 123
2020-01-08 04:33:10,173 - LOGLEVEL: INFO  MESSAGE: 123
2020-01-08 04:33:12,175 - LOGLEVEL: INFO  MESSAGE: 123
2020-01-08 04:33:14,175 - LOGLEVEL: INFO  MESSAGE: 123
2020-01-08 04:33:16,176 - LOGLEVEL: INFO  MESSAGE: 123
2020-01-08 04:33:18,175 - LOGLEVEL: INFO  MESSAGE: 123
2020-01-08 04:33:20,176 - LOGLEVEL: INFO  MESSAGE: 123
